Backup dimulai pada Tue Nov 18 12:20:30 AM WIB 2025
Backup dimulai pada Tue Nov 18 12:24:42 AM WIB 2025
Gagal mengompres backup
Backup dimulai pada Tue Nov 18 12:32:17 AM WIB 2025
Gagal mengompres backup
Backup dimulai pada Tue Nov 18 12:32:32 AM WIB 2025
Gagal mengompres backup
Backup dimulai pada Tue Nov 18 12:37:47 AM WIB 2025
Gagal menyalin file.
Backup dimulai pada Tue Nov 18 12:50:40 AM WIB 2025
Gagal menyalin file.
Backup dimulai pada Tue Nov 18 12:59:29 AM WIB 2025
Gagal menyalin file.
Backup dimulai pada Tue Nov 18 01:00:33 AM WIB 2025
Gagal menyalin file.
Backup dimulai pada Tue Nov 18 01:02:42 AM WIB 2025
Gagal menyalin file.
Backup dimulai pada Tue Nov 18 01:22:58 AM WIB 2025
Gagal menyalin file.
Backup dimulai pada Tue Nov 18 01:29:07 AM WIB 2025
Gagal menyalin file.
Backup dimulai pada Tue Nov 18 01:40:22 AM WIB 2025
Backup berhasil dikompres menjadi backup_20251118_014022.tar.gz
Backup selesai pada Tue Nov 18 01:40:22 AM WIB 2025
Backup dimulai pada Tue Nov 18 01:42:28 AM WIB 2025
Backup berhasil dikompres menjadi backup_20251118_014228.tar.gz
Backup selesai pada Tue Nov 18 01:42:28 AM WIB 2025
Backup dimulai pada Tue Nov 18 01:42:46 AM WIB 2025
Backup berhasil dikompres menjadi backup_20251118_014246.tar.gz
Backup selesai pada Tue Nov 18 01:42:46 AM WIB 2025
Backup dimulai pada Sun Nov 23 02:12:31 AM WIB 2025
Backup berhasil dikompres menjadi backup_20251123_021231.tar.gz
Backup selesai pada Sun Nov 23 02:12:31 AM WIB 2025
